[debug] [2024-11-14T18:43:32.133Z] ----------------------------------------------------------------------
[debug] [2024-11-14T18:43:32.136Z] Command:       C:\Program Files\nodejs\node.exe C:\Users\JK\AppData\Roaming\npm\node_modules\firebase-tools\lib\bin\firebase.js login
[debug] [2024-11-14T18:43:32.136Z] CLI Version:   13.25.0
[debug] [2024-11-14T18:43:32.136Z] Platform:      win32
[debug] [2024-11-14T18:43:32.136Z] Node Version:  v21.1.0
[debug] [2024-11-14T18:43:32.137Z] Time:          Fri Nov 15 2024 00:13:32 GMT+0530 (India Standard Time)
[debug] [2024-11-14T18:43:32.137Z] ----------------------------------------------------------------------
[debug] 
[debug] [2024-11-14T18:43:32.139Z] >>> [apiv2][query] GET https://firebase-public.firebaseio.com/cli.json [none]
[info] i  Firebase optionally collects CLI and Emulator Suite usage and error reporting information to help improve our products. Data is collected in accordance with Google's privacy policy (https://policies.google.com/privacy) and is not used to identify you.
 
[debug] [2024-11-14T18:43:32.755Z] <<< [apiv2][status] GET https://firebase-public.firebaseio.com/cli.json 200
[debug] [2024-11-14T18:43:32.756Z] <<< [apiv2][body] GET https://firebase-public.firebaseio.com/cli.json {"cloudBuildErrorAfter":1594252800000,"cloudBuildWarnAfter":1590019200000,"defaultNode10After":1594252800000,"minVersion":"3.0.5","node8DeploysDisabledAfter":1613390400000,"node8RuntimeDisabledAfter":1615809600000,"node8WarnAfter":1600128000000}
[info] i  To change your data collection preference at any time, run `firebase logout` and log in again. 
[info] 
[info] Visit this URL on this device to log in:
[info] https://accounts.google.com/o/oauth2/auth?client_id=563584335869-fgrhgmd47bqnekij5i8b5pr03ho849e6.apps.googleusercontent.com&scope=email%20openid%20https%3A%2F%2Fwww.googleapis.com%2Fauth%2Fcloudplatformprojects.readonly%20https%3A%2F%2Fwww.googleapis.com%2Fauth%2Ffirebase%20https%3A%2F%2Fwww.googleapis.com%2Fauth%2Fcloud-platform&response_type=code&state=603389265&redirect_uri=http%3A%2F%2Flocalhost%3A9005
[info] 
[info] Waiting for authentication...
[debug] [2024-11-14T18:44:28.654Z] >>> [apiv2][query] POST https://auth.firebase.tools/attest [none]
[debug] [2024-11-14T18:44:28.655Z] >>> [apiv2][body] POST https://auth.firebase.tools/attest {"session_id":"965f1544-11a2-4e11-bd5b-35af63cf5087"}
[debug] [2024-11-14T18:44:29.341Z] <<< [apiv2][status] POST https://auth.firebase.tools/attest 200
[debug] [2024-11-14T18:44:29.342Z] <<< [apiv2][body] POST https://auth.firebase.tools/attest {"token":"v8oqfHYuvR2Sx4VOGgn1ugzSe55hXpfrEzPcRqXeuwA"}
[info] 
[info] To sign in to the Firebase CLI:
[info] 
[info] 1. Take note of your session ID:
[info] 
[info]    965F1
[info] 
[info] 2. Visit the URL below on any device and follow the instructions to get your code:
[info] 
[info]    https://auth.firebase.tools/login?code_challenge=eXvZI1rmZkx2HgM-J6D11Pwq-0VtJxJWuUGq0Ot9dwo&session=965f1544-11a2-4e11-bd5b-35af63cf5087&attest=v8oqfHYuvR2Sx4VOGgn1ugzSe55hXpfrEzPcRqXeuwA
[info] 
[info] 3. Paste or enter the authorization code below once you have it:
[info] 
